[2020-01-07 21:24:32] production.ERROR: Symfony\Component\Console\Exception\CommandNotFoundException: Command "keys" is not defined. in D:\Self project\bizentia_test\backend\vendor\symfony\console\Application.php:670
Stack trace:
#0 D:\Self project\bizentia_test\backend\vendor\symfony\console\Application.php(236): Symfony\Component\Console\Application->find('keys')
#1 D:\Self project\bizentia_test\backend\vendor\symfony\console\Application.php(148): Symfony\Component\Console\Application->doRun(Object(Symfony\Component\Console\Input\ArgvInput), Object(Symfony\Component\Console\Output\ConsoleOutput))
#2 D:\Self project\bizentia_test\backend\vendor\illuminate\console\Application.php(93): Symfony\Component\Console\Application->run(Object(Symfony\Component\Console\Input\ArgvInput), Object(Symfony\Component\Console\Output\ConsoleOutput))
#3 D:\Self project\bizentia_test\backend\vendor\laravel\lumen-framework\src\Console\Kernel.php(115): Illuminate\Console\Application->run(Object(Symfony\Component\Console\Input\ArgvInput), Object(Symfony\Component\Console\Output\ConsoleOutput))
#4 D:\Self project\bizentia_test\backend\artisan(35): Laravel\Lumen\Console\Kernel->handle(Object(Symfony\Component\Console\Input\ArgvInput), Object(Symfony\Component\Console\Output\ConsoleOutput))
#5 {main} {"exception":"[object] (Symfony\\Component\\Console\\Exception\\CommandNotFoundException(code: 0): Command \"keys\" is not defined. at D:\\Self project\\bizentia_test\\backend\\vendor\\symfony\\console\\Application.php:670)
[stacktrace]
#0 D:\\Self project\\bizentia_test\\backend\\vendor\\symfony\\console\\Application.php(236): Symfony\\Component\\Console\\Application->find('keys')
#1 D:\\Self project\\bizentia_test\\backend\\vendor\\symfony\\console\\Application.php(148): Symfony\\Component\\Console\\Application->doRun(Object(Symfony\\Component\\Console\\Input\\ArgvInput), Object(Symfony\\Component\\Console\\Output\\ConsoleOutput))
#2 D:\\Self project\\bizentia_test\\backend\\vendor\\illuminate\\console\\Application.php(93): Symfony\\Component\\Console\\Application->run(Object(Symfony\\Component\\Console\\Input\\ArgvInput), Object(Symfony\\Component\\Console\\Output\\ConsoleOutput))
#3 D:\\Self project\\bizentia_test\\backend\\vendor\\laravel\\lumen-framework\\src\\Console\\Kernel.php(115): Illuminate\\Console\\Application->run(Object(Symfony\\Component\\Console\\Input\\ArgvInput), Object(Symfony\\Component\\Console\\Output\\ConsoleOutput))
#4 D:\\Self project\\bizentia_test\\backend\\artisan(35): Laravel\\Lumen\\Console\\Kernel->handle(Object(Symfony\\Component\\Console\\Input\\ArgvInput), Object(Symfony\\Component\\Console\\Output\\ConsoleOutput))
#5 {main}
"} 
[2020-01-07 21:38:49] local.ERROR: Symfony\Component\Console\Exception\CommandNotFoundException: Command "make:controller" is not defined.

Did you mean one of these?
    make:migration
    make:seeder in D:\Self project\bizentia_test\backend\vendor\symfony\console\Application.php:670
Stack trace:
#0 D:\Self project\bizentia_test\backend\vendor\symfony\console\Application.php(236): Symfony\Component\Console\Application->find('make:controller')
#1 D:\Self project\bizentia_test\backend\vendor\symfony\console\Application.php(148): Symfony\Component\Console\Application->doRun(Object(Symfony\Component\Console\Input\ArgvInput), Object(Symfony\Component\Console\Output\ConsoleOutput))
#2 D:\Self project\bizentia_test\backend\vendor\illuminate\console\Application.php(93): Symfony\Component\Console\Application->run(Object(Symfony\Component\Console\Input\ArgvInput), Object(Symfony\Component\Console\Output\ConsoleOutput))
#3 D:\Self project\bizentia_test\backend\vendor\laravel\lumen-framework\src\Console\Kernel.php(115): Illuminate\Console\Application->run(Object(Symfony\Component\Console\Input\ArgvInput), Object(Symfony\Component\Console\Output\ConsoleOutput))
#4 D:\Self project\bizentia_test\backend\artisan(35): Laravel\Lumen\Console\Kernel->handle(Object(Symfony\Component\Console\Input\ArgvInput), Object(Symfony\Component\Console\Output\ConsoleOutput))
#5 {main} {"exception":"[object] (Symfony\\Component\\Console\\Exception\\CommandNotFoundException(code: 0): Command \"make:controller\" is not defined.

Did you mean one of these?
    make:migration
    make:seeder at D:\\Self project\\bizentia_test\\backend\\vendor\\symfony\\console\\Application.php:670)
[stacktrace]
#0 D:\\Self project\\bizentia_test\\backend\\vendor\\symfony\\console\\Application.php(236): Symfony\\Component\\Console\\Application->find('make:controller')
#1 D:\\Self project\\bizentia_test\\backend\\vendor\\symfony\\console\\Application.php(148): Symfony\\Component\\Console\\Application->doRun(Object(Symfony\\Component\\Console\\Input\\ArgvInput), Object(Symfony\\Component\\Console\\Output\\ConsoleOutput))
#2 D:\\Self project\\bizentia_test\\backend\\vendor\\illuminate\\console\\Application.php(93): Symfony\\Component\\Console\\Application->run(Object(Symfony\\Component\\Console\\Input\\ArgvInput), Object(Symfony\\Component\\Console\\Output\\ConsoleOutput))
#3 D:\\Self project\\bizentia_test\\backend\\vendor\\laravel\\lumen-framework\\src\\Console\\Kernel.php(115): Illuminate\\Console\\Application->run(Object(Symfony\\Component\\Console\\Input\\ArgvInput), Object(Symfony\\Component\\Console\\Output\\ConsoleOutput))
#4 D:\\Self project\\bizentia_test\\backend\\artisan(35): Laravel\\Lumen\\Console\\Kernel->handle(Object(Symfony\\Component\\Console\\Input\\ArgvInput), Object(Symfony\\Component\\Console\\Output\\ConsoleOutput))
#5 {main}
"} 
[2020-01-07 22:07:51] local.ERROR: Symfony\Component\Console\Exception\RuntimeException: The "--refresh" option does not exist. in D:\Self project\bizentia_test\backend\vendor\symfony\console\Input\ArgvInput.php:203
Stack trace:
#0 D:\Self project\bizentia_test\backend\vendor\symfony\console\Input\ArgvInput.php(147): Symfony\Component\Console\Input\ArgvInput->addLongOption('refresh', NULL)
#1 D:\Self project\bizentia_test\backend\vendor\symfony\console\Input\ArgvInput.php(81): Symfony\Component\Console\Input\ArgvInput->parseLongOption('--refresh')
#2 D:\Self project\bizentia_test\backend\vendor\symfony\console\Input\Input.php(55): Symfony\Component\Console\Input\ArgvInput->parse()
#3 D:\Self project\bizentia_test\backend\vendor\symfony\console\Command\Command.php(214): Symfony\Component\Console\Input\Input->bind(Object(Symfony\Component\Console\Input\InputDefinition))
#4 D:\Self project\bizentia_test\backend\vendor\illuminate\console\Command.php(189): Symfony\Component\Console\Command\Command->run(Object(Symfony\Component\Console\Input\ArgvInput), Object(Illuminate\Console\OutputStyle))
#5 D:\Self project\bizentia_test\backend\vendor\symfony\console\Application.php(1011): Illuminate\Console\Command->run(Object(Symfony\Component\Console\Input\ArgvInput), Object(Symfony\Component\Console\Output\ConsoleOutput))
#6 D:\Self project\bizentia_test\backend\vendor\symfony\console\Application.php(272): Symfony\Component\Console\Application->doRunCommand(Object(Illuminate\Database\Console\Migrations\MigrateCommand), Object(Symfony\Component\Console\Input\ArgvInput), Object(Symfony\Component\Console\Output\ConsoleOutput))
#7 D:\Self project\bizentia_test\backend\vendor\symfony\console\Application.php(148): Symfony\Component\Console\Application->doRun(Object(Symfony\Component\Console\Input\ArgvInput), Object(Symfony\Component\Console\Output\ConsoleOutput))
#8 D:\Self project\bizentia_test\backend\vendor\illuminate\console\Application.php(93): Symfony\Component\Console\Application->run(Object(Symfony\Component\Console\Input\ArgvInput), Object(Symfony\Component\Console\Output\ConsoleOutput))
#9 D:\Self project\bizentia_test\backend\vendor\laravel\lumen-framework\src\Console\Kernel.php(115): Illuminate\Console\Application->run(Object(Symfony\Component\Console\Input\ArgvInput), Object(Symfony\Component\Console\Output\ConsoleOutput))
#10 D:\Self project\bizentia_test\backend\artisan(35): Laravel\Lumen\Console\Kernel->handle(Object(Symfony\Component\Console\Input\ArgvInput), Object(Symfony\Component\Console\Output\ConsoleOutput))
#11 {main} {"exception":"[object] (Symfony\\Component\\Console\\Exception\\RuntimeException(code: 0): The \"--refresh\" option does not exist. at D:\\Self project\\bizentia_test\\backend\\vendor\\symfony\\console\\Input\\ArgvInput.php:203)
[stacktrace]
#0 D:\\Self project\\bizentia_test\\backend\\vendor\\symfony\\console\\Input\\ArgvInput.php(147): Symfony\\Component\\Console\\Input\\ArgvInput->addLongOption('refresh', NULL)
#1 D:\\Self project\\bizentia_test\\backend\\vendor\\symfony\\console\\Input\\ArgvInput.php(81): Symfony\\Component\\Console\\Input\\ArgvInput->parseLongOption('--refresh')
#2 D:\\Self project\\bizentia_test\\backend\\vendor\\symfony\\console\\Input\\Input.php(55): Symfony\\Component\\Console\\Input\\ArgvInput->parse()
#3 D:\\Self project\\bizentia_test\\backend\\vendor\\symfony\\console\\Command\\Command.php(214): Symfony\\Component\\Console\\Input\\Input->bind(Object(Symfony\\Component\\Console\\Input\\InputDefinition))
#4 D:\\Self project\\bizentia_test\\backend\\vendor\\illuminate\\console\\Command.php(189): Symfony\\Component\\Console\\Command\\Command->run(Object(Symfony\\Component\\Console\\Input\\ArgvInput), Object(Illuminate\\Console\\OutputStyle))
#5 D:\\Self project\\bizentia_test\\backend\\vendor\\symfony\\console\\Application.php(1011): Illuminate\\Console\\Command->run(Object(Symfony\\Component\\Console\\Input\\ArgvInput), Object(Symfony\\Component\\Console\\Output\\ConsoleOutput))
#6 D:\\Self project\\bizentia_test\\backend\\vendor\\symfony\\console\\Application.php(272): Symfony\\Component\\Console\\Application->doRunCommand(Object(Illuminate\\Database\\Console\\Migrations\\MigrateCommand), Object(Symfony\\Component\\Console\\Input\\ArgvInput), Object(Symfony\\Component\\Console\\Output\\ConsoleOutput))
#7 D:\\Self project\\bizentia_test\\backend\\vendor\\symfony\\console\\Application.php(148): Symfony\\Component\\Console\\Application->doRun(Object(Symfony\\Component\\Console\\Input\\ArgvInput), Object(Symfony\\Component\\Console\\Output\\ConsoleOutput))
#8 D:\\Self project\\bizentia_test\\backend\\vendor\\illuminate\\console\\Application.php(93): Symfony\\Component\\Console\\Application->run(Object(Symfony\\Component\\Console\\Input\\ArgvInput), Object(Symfony\\Component\\Console\\Output\\ConsoleOutput))
#9 D:\\Self project\\bizentia_test\\backend\\vendor\\laravel\\lumen-framework\\src\\Console\\Kernel.php(115): Illuminate\\Console\\Application->run(Object(Symfony\\Component\\Console\\Input\\ArgvInput), Object(Symfony\\Component\\Console\\Output\\ConsoleOutput))
#10 D:\\Self project\\bizentia_test\\backend\\artisan(35): Laravel\\Lumen\\Console\\Kernel->handle(Object(Symfony\\Component\\Console\\Input\\ArgvInput), Object(Symfony\\Component\\Console\\Output\\ConsoleOutput))
#11 {main}
"} 
[2020-01-07 22:17:55] local.ERROR: ErrorException: Undefined index: password in D:\Self project\bizentia_test\backend\vendor\illuminate\auth\EloquentUserProvider.php:143
Stack trace:
#0 D:\Self project\bizentia_test\backend\vendor\illuminate\auth\EloquentUserProvider.php(143): Laravel\Lumen\Application->Laravel\Lumen\Concerns\{closure}(8, 'Undefined index...', 'D:\\Self project...', 143, Array)
#1 D:\Self project\bizentia_test\backend\vendor\tymon\jwt-auth\src\JWTGuard.php(390): Illuminate\Auth\EloquentUserProvider->validateCredentials(Object(App\User), Array)
#2 D:\Self project\bizentia_test\backend\vendor\tymon\jwt-auth\src\JWTGuard.php(126): Tymon\JWTAuth\JWTGuard->hasValidCredentials(Object(App\User), Array)
#3 D:\Self project\bizentia_test\backend\vendor\illuminate\auth\AuthManager.php(307): Tymon\JWTAuth\JWTGuard->attempt(Array)
#4 D:\Self project\bizentia_test\backend\vendor\illuminate\support\Facades\Facade.php(261): Illuminate\Auth\AuthManager->__call('attempt', Array)
#5 D:\Self project\bizentia_test\backend\app\Http\Controllers\AuthController.php(70): Illuminate\Support\Facades\Facade::__callStatic('attempt', Array)
#6 [internal function]: App\Http\Controllers\AuthController->loginByOTP(Object(Laravel\Lumen\Http\Request))
#7 D:\Self project\bizentia_test\backend\vendor\illuminate\container\BoundMethod.php(32): call_user_func_array(Array, Array)
#8 D:\Self project\bizentia_test\backend\vendor\illuminate\container\Util.php(36): Illuminate\Container\BoundMethod::Illuminate\Container\{closure}()
#9 D:\Self project\bizentia_test\backend\vendor\illuminate\container\BoundMethod.php(90): Illuminate\Container\Util::unwrapIfClosure(Object(Closure))
#10 D:\Self project\bizentia_test\backend\vendor\illuminate\container\BoundMethod.php(34): Illuminate\Container\BoundMethod::callBoundMethod(Object(Laravel\Lumen\Application), Array, Object(Closure))
#11 D:\Self project\bizentia_test\backend\vendor\illuminate\container\Container.php(590): Illuminate\Container\BoundMethod::call(Object(Laravel\Lumen\Application), Array, Array, NULL)
#12 D:\Self project\bizentia_test\backend\vendor\laravel\lumen-framework\src\Concerns\RoutesRequests.php(376): Illuminate\Container\Container->call(Array, Array)
#13 D:\Self project\bizentia_test\backend\vendor\laravel\lumen-framework\src\Concerns\RoutesRequests.php(342): Laravel\Lumen\Application->callControllerCallable(Array, Array)
#14 D:\Self project\bizentia_test\backend\vendor\laravel\lumen-framework\src\Concerns\RoutesRequests.php(316): Laravel\Lumen\Application->callLumenController(Object(App\Http\Controllers\AuthController), 'loginByOTP', Array)
#15 D:\Self project\bizentia_test\backend\vendor\laravel\lumen-framework\src\Concerns\RoutesRequests.php(278): Laravel\Lumen\Application->callControllerAction(Array)
#16 D:\Self project\bizentia_test\backend\vendor\laravel\lumen-framework\src\Concerns\RoutesRequests.php(263): Laravel\Lumen\Application->callActionOnArrayBasedRoute(Array)
#17 D:\Self project\bizentia_test\backend\vendor\laravel\lumen-framework\src\Concerns\RoutesRequests.php(165): Laravel\Lumen\Application->handleFoundRoute(Array)
#18 D:\Self project\bizentia_test\backend\vendor\laravel\lumen-framework\src\Concerns\RoutesRequests.php(416): Laravel\Lumen\Application->Laravel\Lumen\Concerns\{closure}(Object(Laravel\Lumen\Http\Request))
#19 D:\Self project\bizentia_test\backend\vendor\laravel\lumen-framework\src\Concerns\RoutesRequests.php(171): Laravel\Lumen\Application->sendThroughPipeline(Array, Object(Closure))
#20 D:\Self project\bizentia_test\backend\vendor\laravel\lumen-framework\src\Concerns\RoutesRequests.php(108): Laravel\Lumen\Application->dispatch(NULL)
#21 D:\Self project\bizentia_test\backend\public\index.php(28): Laravel\Lumen\Application->run()
#22 {main} {"exception":"[object] (ErrorException(code: 0): Undefined index: password at D:\\Self project\\bizentia_test\\backend\\vendor\\illuminate\\auth\\EloquentUserProvider.php:143)
[stacktrace]
#0 D:\\Self project\\bizentia_test\\backend\\vendor\\illuminate\\auth\\EloquentUserProvider.php(143): Laravel\\Lumen\\Application->Laravel\\Lumen\\Concerns\\{closure}(8, 'Undefined index...', 'D:\\\\Self project...', 143, Array)
#1 D:\\Self project\\bizentia_test\\backend\\vendor\\tymon\\jwt-auth\\src\\JWTGuard.php(390): Illuminate\\Auth\\EloquentUserProvider->validateCredentials(Object(App\\User), Array)
#2 D:\\Self project\\bizentia_test\\backend\\vendor\\tymon\\jwt-auth\\src\\JWTGuard.php(126): Tymon\\JWTAuth\\JWTGuard->hasValidCredentials(Object(App\\User), Array)
#3 D:\\Self project\\bizentia_test\\backend\\vendor\\illuminate\\auth\\AuthManager.php(307): Tymon\\JWTAuth\\JWTGuard->attempt(Array)
#4 D:\\Self project\\bizentia_test\\backend\\vendor\\illuminate\\support\\Facades\\Facade.php(261): Illuminate\\Auth\\AuthManager->__call('attempt', Array)
#5 D:\\Self project\\bizentia_test\\backend\\app\\Http\\Controllers\\AuthController.php(70): Illuminate\\Support\\Facades\\Facade::__callStatic('attempt', Array)
#6 [internal function]: App\\Http\\Controllers\\AuthController->loginByOTP(Object(Laravel\\Lumen\\Http\\Request))
#7 D:\\Self project\\bizentia_test\\backend\\vendor\\illuminate\\container\\BoundMethod.php(32): call_user_func_array(Array, Array)
#8 D:\\Self project\\bizentia_test\\backend\\vendor\\illuminate\\container\\Util.php(36): Illuminate\\Container\\BoundMethod::Illuminate\\Container\\{closure}()
#9 D:\\Self project\\bizentia_test\\backend\\vendor\\illuminate\\container\\BoundMethod.php(90): Illuminate\\Container\\Util::unwrapIfClosure(Object(Closure))
#10 D:\\Self project\\bizentia_test\\backend\\vendor\\illuminate\\container\\BoundMethod.php(34): Illuminate\\Container\\BoundMethod::callBoundMethod(Object(Laravel\\Lumen\\Application), Array, Object(Closure))
#11 D:\\Self project\\bizentia_test\\backend\\vendor\\illuminate\\container\\Container.php(590): Illuminate\\Container\\BoundMethod::call(Object(Laravel\\Lumen\\Application), Array, Array, NULL)
#12 D:\\Self project\\bizentia_test\\backend\\vendor\\laravel\\lumen-framework\\src\\Concerns\\RoutesRequests.php(376): Illuminate\\Container\\Container->call(Array, Array)
#13 D:\\Self project\\bizentia_test\\backend\\vendor\\laravel\\lumen-framework\\src\\Concerns\\RoutesRequests.php(342): Laravel\\Lumen\\Application->callControllerCallable(Array, Array)
#14 D:\\Self project\\bizentia_test\\backend\\vendor\\laravel\\lumen-framework\\src\\Concerns\\RoutesRequests.php(316): Laravel\\Lumen\\Application->callLumenController(Object(App\\Http\\Controllers\\AuthController), 'loginByOTP', Array)
#15 D:\\Self project\\bizentia_test\\backend\\vendor\\laravel\\lumen-framework\\src\\Concerns\\RoutesRequests.php(278): Laravel\\Lumen\\Application->callControllerAction(Array)
#16 D:\\Self project\\bizentia_test\\backend\\vendor\\laravel\\lumen-framework\\src\\Concerns\\RoutesRequests.php(263): Laravel\\Lumen\\Application->callActionOnArrayBasedRoute(Array)
#17 D:\\Self project\\bizentia_test\\backend\\vendor\\laravel\\lumen-framework\\src\\Concerns\\RoutesRequests.php(165): Laravel\\Lumen\\Application->handleFoundRoute(Array)
#18 D:\\Self project\\bizentia_test\\backend\\vendor\\laravel\\lumen-framework\\src\\Concerns\\RoutesRequests.php(416): Laravel\\Lumen\\Application->Laravel\\Lumen\\Concerns\\{closure}(Object(Laravel\\Lumen\\Http\\Request))
#19 D:\\Self project\\bizentia_test\\backend\\vendor\\laravel\\lumen-framework\\src\\Concerns\\RoutesRequests.php(171): Laravel\\Lumen\\Application->sendThroughPipeline(Array, Object(Closure))
#20 D:\\Self project\\bizentia_test\\backend\\vendor\\laravel\\lumen-framework\\src\\Concerns\\RoutesRequests.php(108): Laravel\\Lumen\\Application->dispatch(NULL)
#21 D:\\Self project\\bizentia_test\\backend\\public\\index.php(28): Laravel\\Lumen\\Application->run()
#22 {main}
"} 
[2020-01-07 22:22:39] local.ERROR: Symfony\Component\Debug\Exception\FatalThrowableError: Argument 1 passed to Tymon\JWTAuth\JWTGuard::login() must implement interface Tymon\JWTAuth\Contracts\JWTSubject, null given, called in D:\Self project\bizentia_test\backend\vendor\illuminate\auth\AuthManager.php on line 307 in D:\Self project\bizentia_test\backend\vendor\tymon\jwt-auth\src\JWTGuard.php:140
Stack trace:
#0 D:\Self project\bizentia_test\backend\vendor\illuminate\auth\AuthManager.php(307): Tymon\JWTAuth\JWTGuard->login(NULL)
#1 D:\Self project\bizentia_test\backend\vendor\illuminate\support\Facades\Facade.php(261): Illuminate\Auth\AuthManager->__call('login', Array)
#2 D:\Self project\bizentia_test\backend\app\Http\Controllers\AuthController.php(71): Illuminate\Support\Facades\Facade::__callStatic('login', Array)
#3 [internal function]: App\Http\Controllers\AuthController->loginByOTP(Object(Laravel\Lumen\Http\Request))
#4 D:\Self project\bizentia_test\backend\vendor\illuminate\container\BoundMethod.php(32): call_user_func_array(Array, Array)
#5 D:\Self project\bizentia_test\backend\vendor\illuminate\container\Util.php(36): Illuminate\Container\BoundMethod::Illuminate\Container\{closure}()
#6 D:\Self project\bizentia_test\backend\vendor\illuminate\container\BoundMethod.php(90): Illuminate\Container\Util::unwrapIfClosure(Object(Closure))
#7 D:\Self project\bizentia_test\backend\vendor\illuminate\container\BoundMethod.php(34): Illuminate\Container\BoundMethod::callBoundMethod(Object(Laravel\Lumen\Application), Array, Object(Closure))
#8 D:\Self project\bizentia_test\backend\vendor\illuminate\container\Container.php(590): Illuminate\Container\BoundMethod::call(Object(Laravel\Lumen\Application), Array, Array, NULL)
#9 D:\Self project\bizentia_test\backend\vendor\laravel\lumen-framework\src\Concerns\RoutesRequests.php(376): Illuminate\Container\Container->call(Array, Array)
#10 D:\Self project\bizentia_test\backend\vendor\laravel\lumen-framework\src\Concerns\RoutesRequests.php(342): Laravel\Lumen\Application->callControllerCallable(Array, Array)
#11 D:\Self project\bizentia_test\backend\vendor\laravel\lumen-framework\src\Concerns\RoutesRequests.php(316): Laravel\Lumen\Application->callLumenController(Object(App\Http\Controllers\AuthController), 'loginByOTP', Array)
#12 D:\Self project\bizentia_test\backend\vendor\laravel\lumen-framework\src\Concerns\RoutesRequests.php(278): Laravel\Lumen\Application->callControllerAction(Array)
#13 D:\Self project\bizentia_test\backend\vendor\laravel\lumen-framework\src\Concerns\RoutesRequests.php(263): Laravel\Lumen\Application->callActionOnArrayBasedRoute(Array)
#14 D:\Self project\bizentia_test\backend\vendor\laravel\lumen-framework\src\Concerns\RoutesRequests.php(165): Laravel\Lumen\Application->handleFoundRoute(Array)
#15 D:\Self project\bizentia_test\backend\vendor\laravel\lumen-framework\src\Concerns\RoutesRequests.php(416): Laravel\Lumen\Application->Laravel\Lumen\Concerns\{closure}(Object(Laravel\Lumen\Http\Request))
#16 D:\Self project\bizentia_test\backend\vendor\laravel\lumen-framework\src\Concerns\RoutesRequests.php(171): Laravel\Lumen\Application->sendThroughPipeline(Array, Object(Closure))
#17 D:\Self project\bizentia_test\backend\vendor\laravel\lumen-framework\src\Concerns\RoutesRequests.php(108): Laravel\Lumen\Application->dispatch(NULL)
#18 D:\Self project\bizentia_test\backend\public\index.php(28): Laravel\Lumen\Application->run()
#19 {main} {"exception":"[object] (Symfony\\Component\\Debug\\Exception\\FatalThrowableError(code: 0): Argument 1 passed to Tymon\\JWTAuth\\JWTGuard::login() must implement interface Tymon\\JWTAuth\\Contracts\\JWTSubject, null given, called in D:\\Self project\\bizentia_test\\backend\\vendor\\illuminate\\auth\\AuthManager.php on line 307 at D:\\Self project\\bizentia_test\\backend\\vendor\\tymon\\jwt-auth\\src\\JWTGuard.php:140)
[stacktrace]
#0 D:\\Self project\\bizentia_test\\backend\\vendor\\illuminate\\auth\\AuthManager.php(307): Tymon\\JWTAuth\\JWTGuard->login(NULL)
#1 D:\\Self project\\bizentia_test\\backend\\vendor\\illuminate\\support\\Facades\\Facade.php(261): Illuminate\\Auth\\AuthManager->__call('login', Array)
#2 D:\\Self project\\bizentia_test\\backend\\app\\Http\\Controllers\\AuthController.php(71): Illuminate\\Support\\Facades\\Facade::__callStatic('login', Array)
#3 [internal function]: App\\Http\\Controllers\\AuthController->loginByOTP(Object(Laravel\\Lumen\\Http\\Request))
#4 D:\\Self project\\bizentia_test\\backend\\vendor\\illuminate\\container\\BoundMethod.php(32): call_user_func_array(Array, Array)
#5 D:\\Self project\\bizentia_test\\backend\\vendor\\illuminate\\container\\Util.php(36): Illuminate\\Container\\BoundMethod::Illuminate\\Container\\{closure}()
#6 D:\\Self project\\bizentia_test\\backend\\vendor\\illuminate\\container\\BoundMethod.php(90): Illuminate\\Container\\Util::unwrapIfClosure(Object(Closure))
#7 D:\\Self project\\bizentia_test\\backend\\vendor\\illuminate\\container\\BoundMethod.php(34): Illuminate\\Container\\BoundMethod::callBoundMethod(Object(Laravel\\Lumen\\Application), Array, Object(Closure))
#8 D:\\Self project\\bizentia_test\\backend\\vendor\\illuminate\\container\\Container.php(590): Illuminate\\Container\\BoundMethod::call(Object(Laravel\\Lumen\\Application), Array, Array, NULL)
#9 D:\\Self project\\bizentia_test\\backend\\vendor\\laravel\\lumen-framework\\src\\Concerns\\RoutesRequests.php(376): Illuminate\\Container\\Container->call(Array, Array)
#10 D:\\Self project\\bizentia_test\\backend\\vendor\\laravel\\lumen-framework\\src\\Concerns\\RoutesRequests.php(342): Laravel\\Lumen\\Application->callControllerCallable(Array, Array)
#11 D:\\Self project\\bizentia_test\\backend\\vendor\\laravel\\lumen-framework\\src\\Concerns\\RoutesRequests.php(316): Laravel\\Lumen\\Application->callLumenController(Object(App\\Http\\Controllers\\AuthController), 'loginByOTP', Array)
#12 D:\\Self project\\bizentia_test\\backend\\vendor\\laravel\\lumen-framework\\src\\Concerns\\RoutesRequests.php(278): Laravel\\Lumen\\Application->callControllerAction(Array)
#13 D:\\Self project\\bizentia_test\\backend\\vendor\\laravel\\lumen-framework\\src\\Concerns\\RoutesRequests.php(263): Laravel\\Lumen\\Application->callActionOnArrayBasedRoute(Array)
#14 D:\\Self project\\bizentia_test\\backend\\vendor\\laravel\\lumen-framework\\src\\Concerns\\RoutesRequests.php(165): Laravel\\Lumen\\Application->handleFoundRoute(Array)
#15 D:\\Self project\\bizentia_test\\backend\\vendor\\laravel\\lumen-framework\\src\\Concerns\\RoutesRequests.php(416): Laravel\\Lumen\\Application->Laravel\\Lumen\\Concerns\\{closure}(Object(Laravel\\Lumen\\Http\\Request))
#16 D:\\Self project\\bizentia_test\\backend\\vendor\\laravel\\lumen-framework\\src\\Concerns\\RoutesRequests.php(171): Laravel\\Lumen\\Application->sendThroughPipeline(Array, Object(Closure))
#17 D:\\Self project\\bizentia_test\\backend\\vendor\\laravel\\lumen-framework\\src\\Concerns\\RoutesRequests.php(108): Laravel\\Lumen\\Application->dispatch(NULL)
#18 D:\\Self project\\bizentia_test\\backend\\public\\index.php(28): Laravel\\Lumen\\Application->run()
#19 {main}
"} 
[2020-01-07 22:23:35] local.ERROR: Symfony\Component\Debug\Exception\FatalThrowableError: Argument 1 passed to Tymon\JWTAuth\JWTGuard::login() must implement interface Tymon\JWTAuth\Contracts\JWTSubject, null given, called in D:\Self project\bizentia_test\backend\vendor\illuminate\auth\AuthManager.php on line 307 in D:\Self project\bizentia_test\backend\vendor\tymon\jwt-auth\src\JWTGuard.php:140
Stack trace:
#0 D:\Self project\bizentia_test\backend\vendor\illuminate\auth\AuthManager.php(307): Tymon\JWTAuth\JWTGuard->login(NULL)
#1 D:\Self project\bizentia_test\backend\vendor\illuminate\support\Facades\Facade.php(261): Illuminate\Auth\AuthManager->__call('login', Array)
#2 D:\Self project\bizentia_test\backend\app\Http\Controllers\AuthController.php(74): Illuminate\Support\Facades\Facade::__callStatic('login', Array)
#3 [internal function]: App\Http\Controllers\AuthController->loginByOTP(Object(Laravel\Lumen\Http\Request))
#4 D:\Self project\bizentia_test\backend\vendor\illuminate\container\BoundMethod.php(32): call_user_func_array(Array, Array)
#5 D:\Self project\bizentia_test\backend\vendor\illuminate\container\Util.php(36): Illuminate\Container\BoundMethod::Illuminate\Container\{closure}()
#6 D:\Self project\bizentia_test\backend\vendor\illuminate\container\BoundMethod.php(90): Illuminate\Container\Util::unwrapIfClosure(Object(Closure))
#7 D:\Self project\bizentia_test\backend\vendor\illuminate\container\BoundMethod.php(34): Illuminate\Container\BoundMethod::callBoundMethod(Object(Laravel\Lumen\Application), Array, Object(Closure))
#8 D:\Self project\bizentia_test\backend\vendor\illuminate\container\Container.php(590): Illuminate\Container\BoundMethod::call(Object(Laravel\Lumen\Application), Array, Array, NULL)
#9 D:\Self project\bizentia_test\backend\vendor\laravel\lumen-framework\src\Concerns\RoutesRequests.php(376): Illuminate\Container\Container->call(Array, Array)
#10 D:\Self project\bizentia_test\backend\vendor\laravel\lumen-framework\src\Concerns\RoutesRequests.php(342): Laravel\Lumen\Application->callControllerCallable(Array, Array)
#11 D:\Self project\bizentia_test\backend\vendor\laravel\lumen-framework\src\Concerns\RoutesRequests.php(316): Laravel\Lumen\Application->callLumenController(Object(App\Http\Controllers\AuthController), 'loginByOTP', Array)
#12 D:\Self project\bizentia_test\backend\vendor\laravel\lumen-framework\src\Concerns\RoutesRequests.php(278): Laravel\Lumen\Application->callControllerAction(Array)
#13 D:\Self project\bizentia_test\backend\vendor\laravel\lumen-framework\src\Concerns\RoutesRequests.php(263): Laravel\Lumen\Application->callActionOnArrayBasedRoute(Array)
#14 D:\Self project\bizentia_test\backend\vendor\laravel\lumen-framework\src\Concerns\RoutesRequests.php(165): Laravel\Lumen\Application->handleFoundRoute(Array)
#15 D:\Self project\bizentia_test\backend\vendor\laravel\lumen-framework\src\Concerns\RoutesRequests.php(416): Laravel\Lumen\Application->Laravel\Lumen\Concerns\{closure}(Object(Laravel\Lumen\Http\Request))
#16 D:\Self project\bizentia_test\backend\vendor\laravel\lumen-framework\src\Concerns\RoutesRequests.php(171): Laravel\Lumen\Application->sendThroughPipeline(Array, Object(Closure))
#17 D:\Self project\bizentia_test\backend\vendor\laravel\lumen-framework\src\Concerns\RoutesRequests.php(108): Laravel\Lumen\Application->dispatch(NULL)
#18 D:\Self project\bizentia_test\backend\public\index.php(28): Laravel\Lumen\Application->run()
#19 {main} {"exception":"[object] (Symfony\\Component\\Debug\\Exception\\FatalThrowableError(code: 0): Argument 1 passed to Tymon\\JWTAuth\\JWTGuard::login() must implement interface Tymon\\JWTAuth\\Contracts\\JWTSubject, null given, called in D:\\Self project\\bizentia_test\\backend\\vendor\\illuminate\\auth\\AuthManager.php on line 307 at D:\\Self project\\bizentia_test\\backend\\vendor\\tymon\\jwt-auth\\src\\JWTGuard.php:140)
[stacktrace]
#0 D:\\Self project\\bizentia_test\\backend\\vendor\\illuminate\\auth\\AuthManager.php(307): Tymon\\JWTAuth\\JWTGuard->login(NULL)
#1 D:\\Self project\\bizentia_test\\backend\\vendor\\illuminate\\support\\Facades\\Facade.php(261): Illuminate\\Auth\\AuthManager->__call('login', Array)
#2 D:\\Self project\\bizentia_test\\backend\\app\\Http\\Controllers\\AuthController.php(74): Illuminate\\Support\\Facades\\Facade::__callStatic('login', Array)
#3 [internal function]: App\\Http\\Controllers\\AuthController->loginByOTP(Object(Laravel\\Lumen\\Http\\Request))
#4 D:\\Self project\\bizentia_test\\backend\\vendor\\illuminate\\container\\BoundMethod.php(32): call_user_func_array(Array, Array)
#5 D:\\Self project\\bizentia_test\\backend\\vendor\\illuminate\\container\\Util.php(36): Illuminate\\Container\\BoundMethod::Illuminate\\Container\\{closure}()
#6 D:\\Self project\\bizentia_test\\backend\\vendor\\illuminate\\container\\BoundMethod.php(90): Illuminate\\Container\\Util::unwrapIfClosure(Object(Closure))
#7 D:\\Self project\\bizentia_test\\backend\\vendor\\illuminate\\container\\BoundMethod.php(34): Illuminate\\Container\\BoundMethod::callBoundMethod(Object(Laravel\\Lumen\\Application), Array, Object(Closure))
#8 D:\\Self project\\bizentia_test\\backend\\vendor\\illuminate\\container\\Container.php(590): Illuminate\\Container\\BoundMethod::call(Object(Laravel\\Lumen\\Application), Array, Array, NULL)
#9 D:\\Self project\\bizentia_test\\backend\\vendor\\laravel\\lumen-framework\\src\\Concerns\\RoutesRequests.php(376): Illuminate\\Container\\Container->call(Array, Array)
#10 D:\\Self project\\bizentia_test\\backend\\vendor\\laravel\\lumen-framework\\src\\Concerns\\RoutesRequests.php(342): Laravel\\Lumen\\Application->callControllerCallable(Array, Array)
#11 D:\\Self project\\bizentia_test\\backend\\vendor\\laravel\\lumen-framework\\src\\Concerns\\RoutesRequests.php(316): Laravel\\Lumen\\Application->callLumenController(Object(App\\Http\\Controllers\\AuthController), 'loginByOTP', Array)
#12 D:\\Self project\\bizentia_test\\backend\\vendor\\laravel\\lumen-framework\\src\\Concerns\\RoutesRequests.php(278): Laravel\\Lumen\\Application->callControllerAction(Array)
#13 D:\\Self project\\bizentia_test\\backend\\vendor\\laravel\\lumen-framework\\src\\Concerns\\RoutesRequests.php(263): Laravel\\Lumen\\Application->callActionOnArrayBasedRoute(Array)
#14 D:\\Self project\\bizentia_test\\backend\\vendor\\laravel\\lumen-framework\\src\\Concerns\\RoutesRequests.php(165): Laravel\\Lumen\\Application->handleFoundRoute(Array)
#15 D:\\Self project\\bizentia_test\\backend\\vendor\\laravel\\lumen-framework\\src\\Concerns\\RoutesRequests.php(416): Laravel\\Lumen\\Application->Laravel\\Lumen\\Concerns\\{closure}(Object(Laravel\\Lumen\\Http\\Request))
#16 D:\\Self project\\bizentia_test\\backend\\vendor\\laravel\\lumen-framework\\src\\Concerns\\RoutesRequests.php(171): Laravel\\Lumen\\Application->sendThroughPipeline(Array, Object(Closure))
#17 D:\\Self project\\bizentia_test\\backend\\vendor\\laravel\\lumen-framework\\src\\Concerns\\RoutesRequests.php(108): Laravel\\Lumen\\Application->dispatch(NULL)
#18 D:\\Self project\\bizentia_test\\backend\\public\\index.php(28): Laravel\\Lumen\\Application->run()
#19 {main}
"} 
[2020-01-07 22:29:23] local.ERROR: Symfony\Component\Debug\Exception\FatalThrowableError: Call to a member function gte() on string in D:\Self project\bizentia_test\backend\app\Http\Controllers\AuthController.php:74
Stack trace:
#0 [internal function]: App\Http\Controllers\AuthController->loginByOTP(Object(Laravel\Lumen\Http\Request))
#1 D:\Self project\bizentia_test\backend\vendor\illuminate\container\BoundMethod.php(32): call_user_func_array(Array, Array)
#2 D:\Self project\bizentia_test\backend\vendor\illuminate\container\Util.php(36): Illuminate\Container\BoundMethod::Illuminate\Container\{closure}()
#3 D:\Self project\bizentia_test\backend\vendor\illuminate\container\BoundMethod.php(90): Illuminate\Container\Util::unwrapIfClosure(Object(Closure))
#4 D:\Self project\bizentia_test\backend\vendor\illuminate\container\BoundMethod.php(34): Illuminate\Container\BoundMethod::callBoundMethod(Object(Laravel\Lumen\Application), Array, Object(Closure))
#5 D:\Self project\bizentia_test\backend\vendor\illuminate\container\Container.php(590): Illuminate\Container\BoundMethod::call(Object(Laravel\Lumen\Application), Array, Array, NULL)
#6 D:\Self project\bizentia_test\backend\vendor\laravel\lumen-framework\src\Concerns\RoutesRequests.php(376): Illuminate\Container\Container->call(Array, Array)
#7 D:\Self project\bizentia_test\backend\vendor\laravel\lumen-framework\src\Concerns\RoutesRequests.php(342): Laravel\Lumen\Application->callControllerCallable(Array, Array)
#8 D:\Self project\bizentia_test\backend\vendor\laravel\lumen-framework\src\Concerns\RoutesRequests.php(316): Laravel\Lumen\Application->callLumenController(Object(App\Http\Controllers\AuthController), 'loginByOTP', Array)
#9 D:\Self project\bizentia_test\backend\vendor\laravel\lumen-framework\src\Concerns\RoutesRequests.php(278): Laravel\Lumen\Application->callControllerAction(Array)
#10 D:\Self project\bizentia_test\backend\vendor\laravel\lumen-framework\src\Concerns\RoutesRequests.php(263): Laravel\Lumen\Application->callActionOnArrayBasedRoute(Array)
#11 D:\Self project\bizentia_test\backend\vendor\laravel\lumen-framework\src\Concerns\RoutesRequests.php(165): Laravel\Lumen\Application->handleFoundRoute(Array)
#12 D:\Self project\bizentia_test\backend\vendor\laravel\lumen-framework\src\Concerns\RoutesRequests.php(416): Laravel\Lumen\Application->Laravel\Lumen\Concerns\{closure}(Object(Laravel\Lumen\Http\Request))
#13 D:\Self project\bizentia_test\backend\vendor\laravel\lumen-framework\src\Concerns\RoutesRequests.php(171): Laravel\Lumen\Application->sendThroughPipeline(Array, Object(Closure))
#14 D:\Self project\bizentia_test\backend\vendor\laravel\lumen-framework\src\Concerns\RoutesRequests.php(108): Laravel\Lumen\Application->dispatch(NULL)
#15 D:\Self project\bizentia_test\backend\public\index.php(28): Laravel\Lumen\Application->run()
#16 {main} {"exception":"[object] (Symfony\\Component\\Debug\\Exception\\FatalThrowableError(code: 0): Call to a member function gte() on string at D:\\Self project\\bizentia_test\\backend\\app\\Http\\Controllers\\AuthController.php:74)
[stacktrace]
#0 [internal function]: App\\Http\\Controllers\\AuthController->loginByOTP(Object(Laravel\\Lumen\\Http\\Request))
#1 D:\\Self project\\bizentia_test\\backend\\vendor\\illuminate\\container\\BoundMethod.php(32): call_user_func_array(Array, Array)
#2 D:\\Self project\\bizentia_test\\backend\\vendor\\illuminate\\container\\Util.php(36): Illuminate\\Container\\BoundMethod::Illuminate\\Container\\{closure}()
#3 D:\\Self project\\bizentia_test\\backend\\vendor\\illuminate\\container\\BoundMethod.php(90): Illuminate\\Container\\Util::unwrapIfClosure(Object(Closure))
#4 D:\\Self project\\bizentia_test\\backend\\vendor\\illuminate\\container\\BoundMethod.php(34): Illuminate\\Container\\BoundMethod::callBoundMethod(Object(Laravel\\Lumen\\Application), Array, Object(Closure))
#5 D:\\Self project\\bizentia_test\\backend\\vendor\\illuminate\\container\\Container.php(590): Illuminate\\Container\\BoundMethod::call(Object(Laravel\\Lumen\\Application), Array, Array, NULL)
#6 D:\\Self project\\bizentia_test\\backend\\vendor\\laravel\\lumen-framework\\src\\Concerns\\RoutesRequests.php(376): Illuminate\\Container\\Container->call(Array, Array)
#7 D:\\Self project\\bizentia_test\\backend\\vendor\\laravel\\lumen-framework\\src\\Concerns\\RoutesRequests.php(342): Laravel\\Lumen\\Application->callControllerCallable(Array, Array)
#8 D:\\Self project\\bizentia_test\\backend\\vendor\\laravel\\lumen-framework\\src\\Concerns\\RoutesRequests.php(316): Laravel\\Lumen\\Application->callLumenController(Object(App\\Http\\Controllers\\AuthController), 'loginByOTP', Array)
#9 D:\\Self project\\bizentia_test\\backend\\vendor\\laravel\\lumen-framework\\src\\Concerns\\RoutesRequests.php(278): Laravel\\Lumen\\Application->callControllerAction(Array)
#10 D:\\Self project\\bizentia_test\\backend\\vendor\\laravel\\lumen-framework\\src\\Concerns\\RoutesRequests.php(263): Laravel\\Lumen\\Application->callActionOnArrayBasedRoute(Array)
#11 D:\\Self project\\bizentia_test\\backend\\vendor\\laravel\\lumen-framework\\src\\Concerns\\RoutesRequests.php(165): Laravel\\Lumen\\Application->handleFoundRoute(Array)
#12 D:\\Self project\\bizentia_test\\backend\\vendor\\laravel\\lumen-framework\\src\\Concerns\\RoutesRequests.php(416): Laravel\\Lumen\\Application->Laravel\\Lumen\\Concerns\\{closure}(Object(Laravel\\Lumen\\Http\\Request))
#13 D:\\Self project\\bizentia_test\\backend\\vendor\\laravel\\lumen-framework\\src\\Concerns\\RoutesRequests.php(171): Laravel\\Lumen\\Application->sendThroughPipeline(Array, Object(Closure))
#14 D:\\Self project\\bizentia_test\\backend\\vendor\\laravel\\lumen-framework\\src\\Concerns\\RoutesRequests.php(108): Laravel\\Lumen\\Application->dispatch(NULL)
#15 D:\\Self project\\bizentia_test\\backend\\public\\index.php(28): Laravel\\Lumen\\Application->run()
#16 {main}
"} 
[2020-01-07 22:40:02] local.ERROR: Symfony\Component\Debug\Exception\FatalThrowableError: Argument 3 passed to Lcobucci\JWT\Signer\Hmac::doVerify() must be an instance of Lcobucci\JWT\Signer\Key, null given, called in D:\Self project\bizentia_test\backend\vendor\lcobucci\jwt\src\Signer\BaseSigner.php on line 44 in D:\Self project\bizentia_test\backend\vendor\lcobucci\jwt\src\Signer\Hmac.php:29
Stack trace:
#0 D:\Self project\bizentia_test\backend\vendor\lcobucci\jwt\src\Signer\BaseSigner.php(44): Lcobucci\JWT\Signer\Hmac->doVerify('\xE0\xE9"\xFEmu\x8F\xCA\xA5\x80=l"\x99\x18...', 'eyJ0eXAiOiJKV1Q...', NULL)
#1 D:\Self project\bizentia_test\backend\vendor\lcobucci\jwt\src\Signature.php(47): Lcobucci\JWT\Signer\BaseSigner->verify('\xE0\xE9"\xFEmu\x8F\xCA\xA5\x80=l"\x99\x18...', 'eyJ0eXAiOiJKV1Q...', NULL)
#2 D:\Self project\bizentia_test\backend\vendor\lcobucci\jwt\src\Token.php(201): Lcobucci\JWT\Signature->verify(Object(Lcobucci\JWT\Signer\Hmac\Sha256), 'eyJ0eXAiOiJKV1Q...', NULL)
#3 D:\Self project\bizentia_test\backend\vendor\tymon\jwt-auth\src\Providers\JWT\Lcobucci.php(136): Lcobucci\JWT\Token->verify(Object(Lcobucci\JWT\Signer\Hmac\Sha256), NULL)
#4 D:\Self project\bizentia_test\backend\vendor\tymon\jwt-auth\src\Manager.php(101): Tymon\JWTAuth\Providers\JWT\Lcobucci->decode('eyJ0eXAiOiJKV1Q...')
#5 D:\Self project\bizentia_test\backend\vendor\tymon\jwt-auth\src\JWT.php(200): Tymon\JWTAuth\Manager->decode(Object(Tymon\JWTAuth\Token))
#6 D:\Self project\bizentia_test\backend\vendor\tymon\jwt-auth\src\JWT.php(136): Tymon\JWTAuth\JWT->getPayload()
#7 D:\Self project\bizentia_test\backend\vendor\tymon\jwt-auth\src\JWT.php(149): Tymon\JWTAuth\JWT->checkOrFail()
#8 D:\Self project\bizentia_test\backend\vendor\tymon\jwt-auth\src\JWTGuard.php(79): Tymon\JWTAuth\JWT->check(true)
#9 D:\Self project\bizentia_test\backend\vendor\illuminate\auth\GuardHelpers.php(60): Tymon\JWTAuth\JWTGuard->user()
#10 D:\Self project\bizentia_test\backend\vendor\illuminate\auth\GuardHelpers.php(70): Tymon\JWTAuth\JWTGuard->check()
#11 D:\Self project\bizentia_test\backend\app\Http\Middleware\Authenticate.php(38): Tymon\JWTAuth\JWTGuard->guest()
#12 D:\Self project\bizentia_test\backend\vendor\illuminate\pipeline\Pipeline.php(171): App\Http\Middleware\Authenticate->handle(Object(Laravel\Lumen\Http\Request), Object(Closure))
#13 [internal function]: Illuminate\Pipeline\Pipeline->Illuminate\Pipeline\{closure}(Object(Laravel\Lumen\Http\Request))
#14 D:\Self project\bizentia_test\backend\vendor\laravel\lumen-framework\src\Routing\Pipeline.php(32): call_user_func(Object(Closure), Object(Laravel\Lumen\Http\Request))
#15 D:\Self project\bizentia_test\backend\vendor\illuminate\pipeline\Pipeline.php(105): Laravel\Lumen\Routing\Pipeline->Laravel\Lumen\Routing\{closure}(Object(Laravel\Lumen\Http\Request))
#16 D:\Self project\bizentia_test\backend\vendor\laravel\lumen-framework\src\Concerns\RoutesRequests.php(413): Illuminate\Pipeline\Pipeline->then(Object(Closure))
#17 D:\Self project\bizentia_test\backend\vendor\laravel\lumen-framework\src\Concerns\RoutesRequests.php(362): Laravel\Lumen\Application->sendThroughPipeline(Array, Object(Closure))
#18 D:\Self project\bizentia_test\backend\vendor\laravel\lumen-framework\src\Concerns\RoutesRequests.php(338): Laravel\Lumen\Application->callLumenControllerWithMiddleware(Object(App\Http\Controllers\UserController), 'currentUser', Array, Array)
#19 D:\Self project\bizentia_test\backend\vendor\laravel\lumen-framework\src\Concerns\RoutesRequests.php(316): Laravel\Lumen\Application->callLumenController(Object(App\Http\Controllers\UserController), 'currentUser', Array)
#20 D:\Self project\bizentia_test\backend\vendor\laravel\lumen-framework\src\Concerns\RoutesRequests.php(278): Laravel\Lumen\Application->callControllerAction(Array)
#21 D:\Self project\bizentia_test\backend\vendor\laravel\lumen-framework\src\Concerns\RoutesRequests.php(263): Laravel\Lumen\Application->callActionOnArrayBasedRoute(Array)
#22 D:\Self project\bizentia_test\backend\vendor\laravel\lumen-framework\src\Concerns\RoutesRequests.php(165): Laravel\Lumen\Application->handleFoundRoute(Array)
#23 D:\Self project\bizentia_test\backend\vendor\laravel\lumen-framework\src\Concerns\RoutesRequests.php(416): Laravel\Lumen\Application->Laravel\Lumen\Concerns\{closure}(Object(Laravel\Lumen\Http\Request))
#24 D:\Self project\bizentia_test\backend\vendor\laravel\lumen-framework\src\Concerns\RoutesRequests.php(171): Laravel\Lumen\Application->sendThroughPipeline(Array, Object(Closure))
#25 D:\Self project\bizentia_test\backend\vendor\laravel\lumen-framework\src\Concerns\RoutesRequests.php(108): Laravel\Lumen\Application->dispatch(NULL)
#26 D:\Self project\bizentia_test\backend\public\index.php(28): Laravel\Lumen\Application->run()
#27 {main} {"exception":"[object] (Symfony\\Component\\Debug\\Exception\\FatalThrowableError(code: 0): Argument 3 passed to Lcobucci\\JWT\\Signer\\Hmac::doVerify() must be an instance of Lcobucci\\JWT\\Signer\\Key, null given, called in D:\\Self project\\bizentia_test\\backend\\vendor\\lcobucci\\jwt\\src\\Signer\\BaseSigner.php on line 44 at D:\\Self project\\bizentia_test\\backend\\vendor\\lcobucci\\jwt\\src\\Signer\\Hmac.php:29)
[stacktrace]
#0 D:\\Self project\\bizentia_test\\backend\\vendor\\lcobucci\\jwt\\src\\Signer\\BaseSigner.php(44): Lcobucci\\JWT\\Signer\\Hmac->doVerify('\\xE0\\xE9\"\\xFEmu\\x8F\\xCA\\xA5\\x80=l\"\\x99\\x18...', 'eyJ0eXAiOiJKV1Q...', NULL)
#1 D:\\Self project\\bizentia_test\\backend\\vendor\\lcobucci\\jwt\\src\\Signature.php(47): Lcobucci\\JWT\\Signer\\BaseSigner->verify('\\xE0\\xE9\"\\xFEmu\\x8F\\xCA\\xA5\\x80=l\"\\x99\\x18...', 'eyJ0eXAiOiJKV1Q...', NULL)
#2 D:\\Self project\\bizentia_test\\backend\\vendor\\lcobucci\\jwt\\src\\Token.php(201): Lcobucci\\JWT\\Signature->verify(Object(Lcobucci\\JWT\\Signer\\Hmac\\Sha256), 'eyJ0eXAiOiJKV1Q...', NULL)
#3 D:\\Self project\\bizentia_test\\backend\\vendor\\tymon\\jwt-auth\\src\\Providers\\JWT\\Lcobucci.php(136): Lcobucci\\JWT\\Token->verify(Object(Lcobucci\\JWT\\Signer\\Hmac\\Sha256), NULL)
#4 D:\\Self project\\bizentia_test\\backend\\vendor\\tymon\\jwt-auth\\src\\Manager.php(101): Tymon\\JWTAuth\\Providers\\JWT\\Lcobucci->decode('eyJ0eXAiOiJKV1Q...')
#5 D:\\Self project\\bizentia_test\\backend\\vendor\\tymon\\jwt-auth\\src\\JWT.php(200): Tymon\\JWTAuth\\Manager->decode(Object(Tymon\\JWTAuth\\Token))
#6 D:\\Self project\\bizentia_test\\backend\\vendor\\tymon\\jwt-auth\\src\\JWT.php(136): Tymon\\JWTAuth\\JWT->getPayload()
#7 D:\\Self project\\bizentia_test\\backend\\vendor\\tymon\\jwt-auth\\src\\JWT.php(149): Tymon\\JWTAuth\\JWT->checkOrFail()
#8 D:\\Self project\\bizentia_test\\backend\\vendor\\tymon\\jwt-auth\\src\\JWTGuard.php(79): Tymon\\JWTAuth\\JWT->check(true)
#9 D:\\Self project\\bizentia_test\\backend\\vendor\\illuminate\\auth\\GuardHelpers.php(60): Tymon\\JWTAuth\\JWTGuard->user()
#10 D:\\Self project\\bizentia_test\\backend\\vendor\\illuminate\\auth\\GuardHelpers.php(70): Tymon\\JWTAuth\\JWTGuard->check()
#11 D:\\Self project\\bizentia_test\\backend\\app\\Http\\Middleware\\Authenticate.php(38): Tymon\\JWTAuth\\JWTGuard->guest()
#12 D:\\Self project\\bizentia_test\\backend\\vendor\\illuminate\\pipeline\\Pipeline.php(171): App\\Http\\Middleware\\Authenticate->handle(Object(Laravel\\Lumen\\Http\\Request), Object(Closure))
#13 [internal function]: Illuminate\\Pipeline\\Pipeline->Illuminate\\Pipeline\\{closure}(Object(Laravel\\Lumen\\Http\\Request))
#14 D:\\Self project\\bizentia_test\\backend\\vendor\\laravel\\lumen-framework\\src\\Routing\\Pipeline.php(32): call_user_func(Object(Closure), Object(Laravel\\Lumen\\Http\\Request))
#15 D:\\Self project\\bizentia_test\\backend\\vendor\\illuminate\\pipeline\\Pipeline.php(105): Laravel\\Lumen\\Routing\\Pipeline->Laravel\\Lumen\\Routing\\{closure}(Object(Laravel\\Lumen\\Http\\Request))
#16 D:\\Self project\\bizentia_test\\backend\\vendor\\laravel\\lumen-framework\\src\\Concerns\\RoutesRequests.php(413): Illuminate\\Pipeline\\Pipeline->then(Object(Closure))
#17 D:\\Self project\\bizentia_test\\backend\\vendor\\laravel\\lumen-framework\\src\\Concerns\\RoutesRequests.php(362): Laravel\\Lumen\\Application->sendThroughPipeline(Array, Object(Closure))
#18 D:\\Self project\\bizentia_test\\backend\\vendor\\laravel\\lumen-framework\\src\\Concerns\\RoutesRequests.php(338): Laravel\\Lumen\\Application->callLumenControllerWithMiddleware(Object(App\\Http\\Controllers\\UserController), 'currentUser', Array, Array)
#19 D:\\Self project\\bizentia_test\\backend\\vendor\\laravel\\lumen-framework\\src\\Concerns\\RoutesRequests.php(316): Laravel\\Lumen\\Application->callLumenController(Object(App\\Http\\Controllers\\UserController), 'currentUser', Array)
#20 D:\\Self project\\bizentia_test\\backend\\vendor\\laravel\\lumen-framework\\src\\Concerns\\RoutesRequests.php(278): Laravel\\Lumen\\Application->callControllerAction(Array)
#21 D:\\Self project\\bizentia_test\\backend\\vendor\\laravel\\lumen-framework\\src\\Concerns\\RoutesRequests.php(263): Laravel\\Lumen\\Application->callActionOnArrayBasedRoute(Array)
#22 D:\\Self project\\bizentia_test\\backend\\vendor\\laravel\\lumen-framework\\src\\Concerns\\RoutesRequests.php(165): Laravel\\Lumen\\Application->handleFoundRoute(Array)
#23 D:\\Self project\\bizentia_test\\backend\\vendor\\laravel\\lumen-framework\\src\\Concerns\\RoutesRequests.php(416): Laravel\\Lumen\\Application->Laravel\\Lumen\\Concerns\\{closure}(Object(Laravel\\Lumen\\Http\\Request))
#24 D:\\Self project\\bizentia_test\\backend\\vendor\\laravel\\lumen-framework\\src\\Concerns\\RoutesRequests.php(171): Laravel\\Lumen\\Application->sendThroughPipeline(Array, Object(Closure))
#25 D:\\Self project\\bizentia_test\\backend\\vendor\\laravel\\lumen-framework\\src\\Concerns\\RoutesRequests.php(108): Laravel\\Lumen\\Application->dispatch(NULL)
#26 D:\\Self project\\bizentia_test\\backend\\public\\index.php(28): Laravel\\Lumen\\Application->run()
#27 {main}
"} 
[2020-01-07 22:40:40] local.ERROR: Symfony\Component\Console\Exception\NamespaceNotFoundException: There are no commands defined in the "config" namespace. in D:\Self project\bizentia_test\backend\vendor\symfony\console\Application.php:598
Stack trace:
#0 D:\Self project\bizentia_test\backend\vendor\symfony\console\Application.php(651): Symfony\Component\Console\Application->findNamespace('config')
#1 D:\Self project\bizentia_test\backend\vendor\symfony\console\Application.php(236): Symfony\Component\Console\Application->find('config:clear')
#2 D:\Self project\bizentia_test\backend\vendor\symfony\console\Application.php(148): Symfony\Component\Console\Application->doRun(Object(Symfony\Component\Console\Input\ArgvInput), Object(Symfony\Component\Console\Output\ConsoleOutput))
#3 D:\Self project\bizentia_test\backend\vendor\illuminate\console\Application.php(93): Symfony\Component\Console\Application->run(Object(Symfony\Component\Console\Input\ArgvInput), Object(Symfony\Component\Console\Output\ConsoleOutput))
#4 D:\Self project\bizentia_test\backend\vendor\laravel\lumen-framework\src\Console\Kernel.php(115): Illuminate\Console\Application->run(Object(Symfony\Component\Console\Input\ArgvInput), Object(Symfony\Component\Console\Output\ConsoleOutput))
#5 D:\Self project\bizentia_test\backend\artisan(35): Laravel\Lumen\Console\Kernel->handle(Object(Symfony\Component\Console\Input\ArgvInput), Object(Symfony\Component\Console\Output\ConsoleOutput))
#6 {main} {"exception":"[object] (Symfony\\Component\\Console\\Exception\\NamespaceNotFoundException(code: 0): There are no commands defined in the \"config\" namespace. at D:\\Self project\\bizentia_test\\backend\\vendor\\symfony\\console\\Application.php:598)
[stacktrace]
#0 D:\\Self project\\bizentia_test\\backend\\vendor\\symfony\\console\\Application.php(651): Symfony\\Component\\Console\\Application->findNamespace('config')
#1 D:\\Self project\\bizentia_test\\backend\\vendor\\symfony\\console\\Application.php(236): Symfony\\Component\\Console\\Application->find('config:clear')
#2 D:\\Self project\\bizentia_test\\backend\\vendor\\symfony\\console\\Application.php(148): Symfony\\Component\\Console\\Application->doRun(Object(Symfony\\Component\\Console\\Input\\ArgvInput), Object(Symfony\\Component\\Console\\Output\\ConsoleOutput))
#3 D:\\Self project\\bizentia_test\\backend\\vendor\\illuminate\\console\\Application.php(93): Symfony\\Component\\Console\\Application->run(Object(Symfony\\Component\\Console\\Input\\ArgvInput), Object(Symfony\\Component\\Console\\Output\\ConsoleOutput))
#4 D:\\Self project\\bizentia_test\\backend\\vendor\\laravel\\lumen-framework\\src\\Console\\Kernel.php(115): Illuminate\\Console\\Application->run(Object(Symfony\\Component\\Console\\Input\\ArgvInput), Object(Symfony\\Component\\Console\\Output\\ConsoleOutput))
#5 D:\\Self project\\bizentia_test\\backend\\artisan(35): Laravel\\Lumen\\Console\\Kernel->handle(Object(Symfony\\Component\\Console\\Input\\ArgvInput), Object(Symfony\\Component\\Console\\Output\\ConsoleOutput))
#6 {main}
"} 
[2020-01-07 22:41:05] local.ERROR: Symfony\Component\Debug\Exception\FatalThrowableError: Argument 3 passed to Lcobucci\JWT\Signer\Hmac::doVerify() must be an instance of Lcobucci\JWT\Signer\Key, null given, called in D:\Self project\bizentia_test\backend\vendor\lcobucci\jwt\src\Signer\BaseSigner.php on line 44 in D:\Self project\bizentia_test\backend\vendor\lcobucci\jwt\src\Signer\Hmac.php:29
Stack trace:
#0 D:\Self project\bizentia_test\backend\vendor\lcobucci\jwt\src\Signer\BaseSigner.php(44): Lcobucci\JWT\Signer\Hmac->doVerify('\xE0\xE9"\xFEmu\x8F\xCA\xA5\x80=l"\x99\x18...', 'eyJ0eXAiOiJKV1Q...', NULL)
#1 D:\Self project\bizentia_test\backend\vendor\lcobucci\jwt\src\Signature.php(47): Lcobucci\JWT\Signer\BaseSigner->verify('\xE0\xE9"\xFEmu\x8F\xCA\xA5\x80=l"\x99\x18...', 'eyJ0eXAiOiJKV1Q...', NULL)
#2 D:\Self project\bizentia_test\backend\vendor\lcobucci\jwt\src\Token.php(201): Lcobucci\JWT\Signature->verify(Object(Lcobucci\JWT\Signer\Hmac\Sha256), 'eyJ0eXAiOiJKV1Q...', NULL)
#3 D:\Self project\bizentia_test\backend\vendor\tymon\jwt-auth\src\Providers\JWT\Lcobucci.php(136): Lcobucci\JWT\Token->verify(Object(Lcobucci\JWT\Signer\Hmac\Sha256), NULL)
#4 D:\Self project\bizentia_test\backend\vendor\tymon\jwt-auth\src\Manager.php(101): Tymon\JWTAuth\Providers\JWT\Lcobucci->decode('eyJ0eXAiOiJKV1Q...')
#5 D:\Self project\bizentia_test\backend\vendor\tymon\jwt-auth\src\JWT.php(200): Tymon\JWTAuth\Manager->decode(Object(Tymon\JWTAuth\Token))
#6 D:\Self project\bizentia_test\backend\vendor\tymon\jwt-auth\src\JWT.php(136): Tymon\JWTAuth\JWT->getPayload()
#7 D:\Self project\bizentia_test\backend\vendor\tymon\jwt-auth\src\JWT.php(149): Tymon\JWTAuth\JWT->checkOrFail()
#8 D:\Self project\bizentia_test\backend\vendor\tymon\jwt-auth\src\JWTGuard.php(79): Tymon\JWTAuth\JWT->check(true)
#9 D:\Self project\bizentia_test\backend\vendor\illuminate\auth\GuardHelpers.php(60): Tymon\JWTAuth\JWTGuard->user()
#10 D:\Self project\bizentia_test\backend\vendor\illuminate\auth\GuardHelpers.php(70): Tymon\JWTAuth\JWTGuard->check()
#11 D:\Self project\bizentia_test\backend\app\Http\Middleware\Authenticate.php(38): Tymon\JWTAuth\JWTGuard->guest()
#12 D:\Self project\bizentia_test\backend\vendor\illuminate\pipeline\Pipeline.php(171): App\Http\Middleware\Authenticate->handle(Object(Laravel\Lumen\Http\Request), Object(Closure))
#13 [internal function]: Illuminate\Pipeline\Pipeline->Illuminate\Pipeline\{closure}(Object(Laravel\Lumen\Http\Request))
#14 D:\Self project\bizentia_test\backend\vendor\laravel\lumen-framework\src\Routing\Pipeline.php(32): call_user_func(Object(Closure), Object(Laravel\Lumen\Http\Request))
#15 D:\Self project\bizentia_test\backend\vendor\illuminate\pipeline\Pipeline.php(105): Laravel\Lumen\Routing\Pipeline->Laravel\Lumen\Routing\{closure}(Object(Laravel\Lumen\Http\Request))
#16 D:\Self project\bizentia_test\backend\vendor\laravel\lumen-framework\src\Concerns\RoutesRequests.php(413): Illuminate\Pipeline\Pipeline->then(Object(Closure))
#17 D:\Self project\bizentia_test\backend\vendor\laravel\lumen-framework\src\Concerns\RoutesRequests.php(362): Laravel\Lumen\Application->sendThroughPipeline(Array, Object(Closure))
#18 D:\Self project\bizentia_test\backend\vendor\laravel\lumen-framework\src\Concerns\RoutesRequests.php(338): Laravel\Lumen\Application->callLumenControllerWithMiddleware(Object(App\Http\Controllers\UserController), 'currentUser', Array, Array)
#19 D:\Self project\bizentia_test\backend\vendor\laravel\lumen-framework\src\Concerns\RoutesRequests.php(316): Laravel\Lumen\Application->callLumenController(Object(App\Http\Controllers\UserController), 'currentUser', Array)
#20 D:\Self project\bizentia_test\backend\vendor\laravel\lumen-framework\src\Concerns\RoutesRequests.php(278): Laravel\Lumen\Application->callControllerAction(Array)
#21 D:\Self project\bizentia_test\backend\vendor\laravel\lumen-framework\src\Concerns\RoutesRequests.php(263): Laravel\Lumen\Application->callActionOnArrayBasedRoute(Array)
#22 D:\Self project\bizentia_test\backend\vendor\laravel\lumen-framework\src\Concerns\RoutesRequests.php(165): Laravel\Lumen\Application->handleFoundRoute(Array)
#23 D:\Self project\bizentia_test\backend\vendor\laravel\lumen-framework\src\Concerns\RoutesRequests.php(416): Laravel\Lumen\Application->Laravel\Lumen\Concerns\{closure}(Object(Laravel\Lumen\Http\Request))
#24 D:\Self project\bizentia_test\backend\vendor\laravel\lumen-framework\src\Concerns\RoutesRequests.php(171): Laravel\Lumen\Application->sendThroughPipeline(Array, Object(Closure))
#25 D:\Self project\bizentia_test\backend\vendor\laravel\lumen-framework\src\Concerns\RoutesRequests.php(108): Laravel\Lumen\Application->dispatch(NULL)
#26 D:\Self project\bizentia_test\backend\public\index.php(28): Laravel\Lumen\Application->run()
#27 {main} {"exception":"[object] (Symfony\\Component\\Debug\\Exception\\FatalThrowableError(code: 0): Argument 3 passed to Lcobucci\\JWT\\Signer\\Hmac::doVerify() must be an instance of Lcobucci\\JWT\\Signer\\Key, null given, called in D:\\Self project\\bizentia_test\\backend\\vendor\\lcobucci\\jwt\\src\\Signer\\BaseSigner.php on line 44 at D:\\Self project\\bizentia_test\\backend\\vendor\\lcobucci\\jwt\\src\\Signer\\Hmac.php:29)
[stacktrace]
#0 D:\\Self project\\bizentia_test\\backend\\vendor\\lcobucci\\jwt\\src\\Signer\\BaseSigner.php(44): Lcobucci\\JWT\\Signer\\Hmac->doVerify('\\xE0\\xE9\"\\xFEmu\\x8F\\xCA\\xA5\\x80=l\"\\x99\\x18...', 'eyJ0eXAiOiJKV1Q...', NULL)
#1 D:\\Self project\\bizentia_test\\backend\\vendor\\lcobucci\\jwt\\src\\Signature.php(47): Lcobucci\\JWT\\Signer\\BaseSigner->verify('\\xE0\\xE9\"\\xFEmu\\x8F\\xCA\\xA5\\x80=l\"\\x99\\x18...', 'eyJ0eXAiOiJKV1Q...', NULL)
#2 D:\\Self project\\bizentia_test\\backend\\vendor\\lcobucci\\jwt\\src\\Token.php(201): Lcobucci\\JWT\\Signature->verify(Object(Lcobucci\\JWT\\Signer\\Hmac\\Sha256), 'eyJ0eXAiOiJKV1Q...', NULL)
#3 D:\\Self project\\bizentia_test\\backend\\vendor\\tymon\\jwt-auth\\src\\Providers\\JWT\\Lcobucci.php(136): Lcobucci\\JWT\\Token->verify(Object(Lcobucci\\JWT\\Signer\\Hmac\\Sha256), NULL)
#4 D:\\Self project\\bizentia_test\\backend\\vendor\\tymon\\jwt-auth\\src\\Manager.php(101): Tymon\\JWTAuth\\Providers\\JWT\\Lcobucci->decode('eyJ0eXAiOiJKV1Q...')
#5 D:\\Self project\\bizentia_test\\backend\\vendor\\tymon\\jwt-auth\\src\\JWT.php(200): Tymon\\JWTAuth\\Manager->decode(Object(Tymon\\JWTAuth\\Token))
#6 D:\\Self project\\bizentia_test\\backend\\vendor\\tymon\\jwt-auth\\src\\JWT.php(136): Tymon\\JWTAuth\\JWT->getPayload()
#7 D:\\Self project\\bizentia_test\\backend\\vendor\\tymon\\jwt-auth\\src\\JWT.php(149): Tymon\\JWTAuth\\JWT->checkOrFail()
#8 D:\\Self project\\bizentia_test\\backend\\vendor\\tymon\\jwt-auth\\src\\JWTGuard.php(79): Tymon\\JWTAuth\\JWT->check(true)
#9 D:\\Self project\\bizentia_test\\backend\\vendor\\illuminate\\auth\\GuardHelpers.php(60): Tymon\\JWTAuth\\JWTGuard->user()
#10 D:\\Self project\\bizentia_test\\backend\\vendor\\illuminate\\auth\\GuardHelpers.php(70): Tymon\\JWTAuth\\JWTGuard->check()
#11 D:\\Self project\\bizentia_test\\backend\\app\\Http\\Middleware\\Authenticate.php(38): Tymon\\JWTAuth\\JWTGuard->guest()
#12 D:\\Self project\\bizentia_test\\backend\\vendor\\illuminate\\pipeline\\Pipeline.php(171): App\\Http\\Middleware\\Authenticate->handle(Object(Laravel\\Lumen\\Http\\Request), Object(Closure))
#13 [internal function]: Illuminate\\Pipeline\\Pipeline->Illuminate\\Pipeline\\{closure}(Object(Laravel\\Lumen\\Http\\Request))
#14 D:\\Self project\\bizentia_test\\backend\\vendor\\laravel\\lumen-framework\\src\\Routing\\Pipeline.php(32): call_user_func(Object(Closure), Object(Laravel\\Lumen\\Http\\Request))
#15 D:\\Self project\\bizentia_test\\backend\\vendor\\illuminate\\pipeline\\Pipeline.php(105): Laravel\\Lumen\\Routing\\Pipeline->Laravel\\Lumen\\Routing\\{closure}(Object(Laravel\\Lumen\\Http\\Request))
#16 D:\\Self project\\bizentia_test\\backend\\vendor\\laravel\\lumen-framework\\src\\Concerns\\RoutesRequests.php(413): Illuminate\\Pipeline\\Pipeline->then(Object(Closure))
#17 D:\\Self project\\bizentia_test\\backend\\vendor\\laravel\\lumen-framework\\src\\Concerns\\RoutesRequests.php(362): Laravel\\Lumen\\Application->sendThroughPipeline(Array, Object(Closure))
#18 D:\\Self project\\bizentia_test\\backend\\vendor\\laravel\\lumen-framework\\src\\Concerns\\RoutesRequests.php(338): Laravel\\Lumen\\Application->callLumenControllerWithMiddleware(Object(App\\Http\\Controllers\\UserController), 'currentUser', Array, Array)
#19 D:\\Self project\\bizentia_test\\backend\\vendor\\laravel\\lumen-framework\\src\\Concerns\\RoutesRequests.php(316): Laravel\\Lumen\\Application->callLumenController(Object(App\\Http\\Controllers\\UserController), 'currentUser', Array)
#20 D:\\Self project\\bizentia_test\\backend\\vendor\\laravel\\lumen-framework\\src\\Concerns\\RoutesRequests.php(278): Laravel\\Lumen\\Application->callControllerAction(Array)
#21 D:\\Self project\\bizentia_test\\backend\\vendor\\laravel\\lumen-framework\\src\\Concerns\\RoutesRequests.php(263): Laravel\\Lumen\\Application->callActionOnArrayBasedRoute(Array)
#22 D:\\Self project\\bizentia_test\\backend\\vendor\\laravel\\lumen-framework\\src\\Concerns\\RoutesRequests.php(165): Laravel\\Lumen\\Application->handleFoundRoute(Array)
#23 D:\\Self project\\bizentia_test\\backend\\vendor\\laravel\\lumen-framework\\src\\Concerns\\RoutesRequests.php(416): Laravel\\Lumen\\Application->Laravel\\Lumen\\Concerns\\{closure}(Object(Laravel\\Lumen\\Http\\Request))
#24 D:\\Self project\\bizentia_test\\backend\\vendor\\laravel\\lumen-framework\\src\\Concerns\\RoutesRequests.php(171): Laravel\\Lumen\\Application->sendThroughPipeline(Array, Object(Closure))
#25 D:\\Self project\\bizentia_test\\backend\\vendor\\laravel\\lumen-framework\\src\\Concerns\\RoutesRequests.php(108): Laravel\\Lumen\\Application->dispatch(NULL)
#26 D:\\Self project\\bizentia_test\\backend\\public\\index.php(28): Laravel\\Lumen\\Application->run()
#27 {main}
"} 
[2020-01-07 22:41:22] local.ERROR: Symfony\Component\Console\Exception\NamespaceNotFoundException: There are no commands defined in the "config" namespace. in D:\Self project\bizentia_test\backend\vendor\symfony\console\Application.php:598
Stack trace:
#0 D:\Self project\bizentia_test\backend\vendor\symfony\console\Application.php(651): Symfony\Component\Console\Application->findNamespace('config')
#1 D:\Self project\bizentia_test\backend\vendor\symfony\console\Application.php(236): Symfony\Component\Console\Application->find('config:cache')
#2 D:\Self project\bizentia_test\backend\vendor\symfony\console\Application.php(148): Symfony\Component\Console\Application->doRun(Object(Symfony\Component\Console\Input\ArgvInput), Object(Symfony\Component\Console\Output\ConsoleOutput))
#3 D:\Self project\bizentia_test\backend\vendor\illuminate\console\Application.php(93): Symfony\Component\Console\Application->run(Object(Symfony\Component\Console\Input\ArgvInput), Object(Symfony\Component\Console\Output\ConsoleOutput))
#4 D:\Self project\bizentia_test\backend\vendor\laravel\lumen-framework\src\Console\Kernel.php(115): Illuminate\Console\Application->run(Object(Symfony\Component\Console\Input\ArgvInput), Object(Symfony\Component\Console\Output\ConsoleOutput))
#5 D:\Self project\bizentia_test\backend\artisan(35): Laravel\Lumen\Console\Kernel->handle(Object(Symfony\Component\Console\Input\ArgvInput), Object(Symfony\Component\Console\Output\ConsoleOutput))
#6 {main} {"exception":"[object] (Symfony\\Component\\Console\\Exception\\NamespaceNotFoundException(code: 0): There are no commands defined in the \"config\" namespace. at D:\\Self project\\bizentia_test\\backend\\vendor\\symfony\\console\\Application.php:598)
[stacktrace]
#0 D:\\Self project\\bizentia_test\\backend\\vendor\\symfony\\console\\Application.php(651): Symfony\\Component\\Console\\Application->findNamespace('config')
#1 D:\\Self project\\bizentia_test\\backend\\vendor\\symfony\\console\\Application.php(236): Symfony\\Component\\Console\\Application->find('config:cache')
#2 D:\\Self project\\bizentia_test\\backend\\vendor\\symfony\\console\\Application.php(148): Symfony\\Component\\Console\\Application->doRun(Object(Symfony\\Component\\Console\\Input\\ArgvInput), Object(Symfony\\Component\\Console\\Output\\ConsoleOutput))
#3 D:\\Self project\\bizentia_test\\backend\\vendor\\illuminate\\console\\Application.php(93): Symfony\\Component\\Console\\Application->run(Object(Symfony\\Component\\Console\\Input\\ArgvInput), Object(Symfony\\Component\\Console\\Output\\ConsoleOutput))
#4 D:\\Self project\\bizentia_test\\backend\\vendor\\laravel\\lumen-framework\\src\\Console\\Kernel.php(115): Illuminate\\Console\\Application->run(Object(Symfony\\Component\\Console\\Input\\ArgvInput), Object(Symfony\\Component\\Console\\Output\\ConsoleOutput))
#5 D:\\Self project\\bizentia_test\\backend\\artisan(35): Laravel\\Lumen\\Console\\Kernel->handle(Object(Symfony\\Component\\Console\\Input\\ArgvInput), Object(Symfony\\Component\\Console\\Output\\ConsoleOutput))
#6 {main}
"} 
